<?xml version="1.0" ?>
<coverage version="7.13.5" timestamp="1777656637139" lines-valid="3" lines-covered="0" line-rate="0" branches-covered="0" branches-valid="0" branch-rate="0" complexity="0">
	<!-- Generated by coverage.py: https://coverage.readthedocs.io/en/7.13.5 -->
	<!-- Based on https://raw.githubusercontent.com/cobertura/web/master/htdocs/xml/coverage-04.dtd -->
	<sources>
		<source>/home/runner/work/template-python/template-python/src</source>
	</sources>
	<packages>
		<package name="project_name" line-rate="0" branch-rate="0" complexity="0">
			<classes>
				<class name="__init__.py" filename="project_name/__init__.py" complexity="0" line-rate="0" branch-rate="0">
					<methods/>
					<lines>
						<line number="1" hits="0"/>
						<line number="3" hits="0"/>
						<line number="5" hits="0"/>
					</lines>
				</class>
			</classes>
		</package>
	</packages>
</coverage>
